<?xml version="1.0" encoding="UTF-8"?>
<!-- Generated by org.testng.reporters.JUnitReportReporter -->
<testsuite skipped="0" hostname="PC-201310021849" name="ranxiangxue.selenium.maven1.CourseList" tests="1" failures="0" timestamp="10 一月 2021 10:12:37 GMT" time="457.351" errors="0">
  <testcase name="f2" time="457.351" classname="ranxiangxue.selenium.maven1.CourseList"/>
</testsuite> <!-- ranxiangxue.selenium.maven1.CourseList -->
