<?xml version="1.0" encoding="UTF-8"?>
<!-- Generated by org.testng.reporters.JUnitReportReporter -->
<testsuite skipped="0" hostname="PC-201310021849" name="ranxiangxue.selenium.maven1.SeleniumMaven" tests="1" failures="0" timestamp="07 一月 2021 13:02:46 GMT" time="81.286" errors="0">
  <testcase name="UserLogin" time="81.286" classname="ranxiangxue.selenium.maven1.SeleniumMaven"/>
</testsuite> <!-- ranxiangxue.selenium.maven1.SeleniumMaven -->
