<?xml version="1.0" encoding="UTF-8"?>
<!-- Generated by org.testng.reporters.JUnitReportReporter -->
<testsuite skipped="0" hostname="PC-201310021849" name="ranxiangxue.selenium.maven1.OneTestCase" tests="1" failures="0" timestamp="07 一月 2021 14:42:43 GMT" time="8.748" errors="0">
  <testcase name="f" time="8.748" classname="ranxiangxue.selenium.maven1.OneTestCase"/>
</testsuite> <!-- ranxiangxue.selenium.maven1.OneTestCase -->
