<?xml version="1.0" encoding="UTF-8"?>
<!-- Generated by org.testng.reporters.JUnitReportReporter -->
<testsuite skipped="0" hostname="PC-201310021849" name="ranxiangxue.selenium.maven1.TestNgLogTest" tests="2" failures="0" timestamp="09 一月 2021 15:19:19 GMT" time="0.016" errors="0">
  <testcase name="f1" time="0.014" classname="ranxiangxue.selenium.maven1.TestNgLogTest"/>
  <testcase name="f2" time="0.002" classname="ranxiangxue.selenium.maven1.TestNgLogTest"/>
</testsuite> <!-- ranxiangxue.selenium.maven1.TestNgLogTest -->
