<?xml version="1.0" encoding="UTF-8"?>
<!-- Generated by org.testng.reporters.JUnitReportReporter -->
<testsuite skipped="0" hostname="PC-201310021849" name="ranxiangxue.selenium.maven1.HandleCookie" tests="1" failures="0" timestamp="17 一月 2021 10:04:23 GMT" time="19.610" errors="0">
  <testcase name="test1" time="19.610" classname="ranxiangxue.selenium.maven1.HandleCookie"/>
</testsuite> <!-- ranxiangxue.selenium.maven1.HandleCookie -->
