<?xml version="1.0" encoding="UTF-8"?>
<!-- Generated by org.testng.reporters.JUnitReportReporter -->
<testsuite skipped="0" hostname="PC-201310021849" name="ranxiangxue.selenium.maven1.BuyShop" tests="1" failures="0" timestamp="17 一月 2021 10:16:49 GMT" time="23.927" errors="0">
  <testcase name="test1" time="23.927" classname="ranxiangxue.selenium.maven1.BuyShop"/>
</testsuite> <!-- ranxiangxue.selenium.maven1.BuyShop -->
