<?xml version="1.0" encoding="UTF-8"?>
<!-- Generated by org.testng.reporters.JUnitReportReporter -->
<testsuite skipped="0" hostname="PC-201310021849" name="ranxiangxue.selenium.maven1.runcase.LoginCase" tests="1" failures="0" timestamp="24 一月 2021 16:21:57 GMT" time="2.817" errors="0">
  <testcase name="case1" time="2.817" classname="ranxiangxue.selenium.maven1.runcase.LoginCase"/>
</testsuite> <!-- ranxiangxue.selenium.maven1.runcase.LoginCase -->
