<?xml version="1.0" encoding="UTF-8"?>
<!-- Generated by org.testng.reporters.JUnitReportReporter -->
<testsuite skipped="1" hostname="PC-201310021849" name="ranxiangxue.selenium.maven1.runcase.SureSubmitCase" tests="2" failures="0" timestamp="24 一月 2021 15:22:47 GMT" time="2.443" errors="0">
  <testcase name="SureSubmit" time="2.443" classname="ranxiangxue.selenium.maven1.runcase.SureSubmitCase"/>
  <testcase name="LoginSureSubmit" classname="ranxiangxue.selenium.maven1.runcase.SureSubmitCase">
    <skipped/>
  </testcase> <!-- LoginSureSubmit -->
</testsuite> <!-- ranxiangxue.selenium.maven1.runcase.SureSubmitCase -->
